0 info it worked if it ends with ok
1 verbose cli [ 'C:\\Dev\\node\\node.exe',
1 verbose cli   'C:\\Dev\\node\\node_modules\\npm\\bin\\npm-cli.js',
1 verbose cli   'install' ]
2 info using npm@1.4.9
3 info using node@v10.12.0
4 error install Couldn't read dependencies
5 error package.json ENOENT: no such file or directory, open 'C:\xampp\htdocs\scp\package.json'
5 error package.json This is most likely not a problem with npm itself.
5 error package.json npm can't find a package.json file in your current directory.
6 error System Windows_NT 6.1.7601
7 error command "C:\\Dev\\node\\node.exe" "C:\\Dev\\node\\node_modules\\npm\\bin\\npm-cli.js" "install"
8 error cwd C:\xampp\htdocs\scp
9 error node -v v10.12.0
10 error npm -v 1.4.9
11 error path C:\xampp\htdocs\scp\package.json
12 error syscall open
13 error code ENOPACKAGEJSON
14 error errno -4058
15 verbose exit [ -4058, true ]
